2014-07-09 19:13:35 Error: [MissingControllerException] Controller class EstudiantesController could not be found.
Exception Attributes: array (
  'class' => 'EstudiantesController',
  'plugin' => NULL,
)
Request URL: /cakephp/Estudiantes
Stack Trace:
#0 C:\xampp\htdocs\cakephp\app\webroot\index.php(108): Dispatcher->dispatch(Object(CakeRequest), Object(CakeResponse))
#1 {main}
2014-07-09 22:18:42 Error: [MissingControllerException] Controller class EstudiantesController could not be found.
Exception Attributes: array (
  'class' => 'EstudiantesController',
  'plugin' => NULL,
)
Request URL: /cakephp/Estudiantes
Stack Trace:
#0 C:\xampp\htdocs\cakephp\app\webroot\index.php(108): Dispatcher->dispatch(Object(CakeRequest), Object(CakeResponse))
#1 {main}
2014-07-09 22:41:39 Error: [MissingControllerException] Controller class EstudiantesController could not be found.
Exception Attributes: array (
  'class' => 'EstudiantesController',
  'plugin' => NULL,
)
Request URL: /cakephp/Estudiantes
Stack Trace:
#0 C:\xampp\htdocs\cakephp\app\webroot\index.php(108): Dispatcher->dispatch(Object(CakeRequest), Object(CakeResponse))
#1 {main}
